<?xml version="1.0" encoding="UTF-8"?>
<!-- Generated by org.testng.reporters.JUnitXMLReporter -->
<testsuite ignored="0" hostname="Shashwats-Laptop" failures="1" tests="3" name="Test" time="23.877" errors="0" timestamp="2020-11-26T20:18:47 IST">
  <testcase classname="E2EFramework.SeleniumFramewor.HomePage" name="basePageNavigation" time="8.131"/>
  <testcase classname="E2EFramework.SeleniumFramewor.HomePage" name="basePageNavigation" time="3.391"/>
  <testcase classname="E2EFramework.SeleniumFramewor.ValidateTitle" name="basePageNavigation" time="0.027">
    <failure type="java.lang.AssertionError" message="expected [Rediff.com: New | Rediffmail | Stock Quotes | Shopping] but found [Rediff.com: News | Rediffmail | Stock Quotes | Shopping]">
      <![CDATA[java.lang.AssertionError: expected [Rediff.com: New | Rediffmail | Stock Quotes | Shopping] but found [Rediff.com: News | Rediffmail | Stock Quotes | Shopping]
at E2EFramework.SeleniumFramewor.ValidateTitle.basePageNavigation(ValidateTitle.java:33)
at java.base/java.util.ArrayList.forEach(ArrayList.java:1507)
... Removed 33 stack frames]]>
    </failure>
  </testcase> <!-- basePageNavigation -->
</testsuite> <!-- Test -->
